[INFO] Scanning for projects...
[INFO] 
[INFO] ------------------------< com.voltmart:backend >------------------------
[INFO] Building backend 0.0.1-SNAPSHOT
[INFO]   from pom.xml
[INFO] --------------------------------[ jar ]---------------------------------
[INFO] 
[INFO] >>> spring-boot:3.3.0:run (default-cli) > test-compile @ backend >>>
[INFO] 
[INFO] --- resources:3.3.1:resources (default-resources) @ backend ---
[INFO] Copying 2 resources from src\main\resources to target\classes
[INFO] Copying 1 resource from src\main\resources to target\classes
[INFO] 
[INFO] --- compiler:3.13.0:compile (default-compile) @ backend ---
[INFO] Nothing to compile - all classes are up to date.
[INFO] 
[INFO] --- resources:3.3.1:testResources (default-testResources) @ backend ---
[INFO] skip non existing resourceDirectory C:\Users\mani manoj\Desktop\E-commerce\backend\src\test\resources
[INFO] 
[INFO] --- compiler:3.13.0:testCompile (default-testCompile) @ backend ---
[INFO] Nothing to compile - all classes are up to date.
[INFO] 
[INFO] <<< spring-boot:3.3.0:run (default-cli) < test-compile @ backend <<<
[INFO] 
[INFO] 
[INFO] --- spring-boot:3.3.0:run (default-cli) @ backend ---
[INFO] Attaching agents: []
  .   ____          _            __ _ _
 /\\ / ___'_ __ _ _(_)_ __  __ _ \ \ \ \
( ( )\___ | '_ | '_| | '_ \/ _` | \ \ \ \
 \\/  ___)| |_)| | | | | || (_| |  ) ) ) )
  '  |____| .__|_| |_|_| |_\__, | / / / /
 =========|_|==============|___/=/_/_/_/

 :: Spring Boot ::                (v3.3.0)

2026-06-02 14:53:46.200 INFO  [background-preinit] o.h.validator.internal.util.Version - HV000001: Hibernate Validator 8.0.1.Final
2026-06-02 14:53:46.246 INFO  [main] c.v.e.EcommerceBackendApplication - Starting EcommerceBackendApplication using Java 21.0.7 with PID 11812 (C:\Users\mani manoj\Desktop\E-commerce\backend\target\classes started by mani manoj in C:\Users\mani manoj\Desktop\E-commerce\backend)
2026-06-02 14:53:46.246 INFO  [main] c.v.e.EcommerceBackendApplication - No active profile set, falling back to 1 default profile: "default"
2026-06-02 14:53:46.955 INFO  [main] o.s.d.r.c.RepositoryConfigurationDelegate - Bootstrapping Spring Data JPA repositories in DEFAULT mode.
2026-06-02 14:53:47.076 INFO  [main] o.s.d.r.c.RepositoryConfigurationDelegate - Finished Spring Data repository scanning in 119 ms. Found 22 JPA repository interfaces.
2026-06-02 14:53:47.752 INFO  [main] o.s.b.w.e.tomcat.TomcatWebServer - Tomcat initialized with port 8080 (http)
2026-06-02 14:53:47.773 INFO  [main] o.a.coyote.http11.Http11NioProtocol - Initializing ProtocolHandler ["http-nio-8080"]
2026-06-02 14:53:47.776 INFO  [main] o.a.catalina.core.StandardService - Starting service [Tomcat]
2026-06-02 14:53:47.776 INFO  [main] o.a.catalina.core.StandardEngine - Starting Servlet engine: [Apache Tomcat/10.1.24]
2026-06-02 14:53:47.851 INFO  [main] o.a.c.c.C.[Tomcat].[localhost].[/] - Initializing Spring embedded WebApplicationContext
2026-06-02 14:53:47.852 INFO  [main] o.s.b.w.s.c.ServletWebServerApplicationContext - Root WebApplicationContext: initialization completed in 1566 ms
2026-06-02 14:53:48.006 INFO  [main] o.h.jpa.internal.util.LogHelper - HHH000204: Processing PersistenceUnitInfo [name: default]
2026-06-02 14:53:48.073 INFO  [main] org.hibernate.Version - HHH000412: Hibernate ORM core version 6.5.2.Final
2026-06-02 14:53:48.113 INFO  [main] o.h.c.i.RegionFactoryInitiator - HHH000026: Second-level cache disabled
2026-06-02 14:53:48.423 INFO  [main] o.s.o.j.p.SpringPersistenceUnitInfo - No LoadTimeWeaver setup: ignoring JPA class transformer
2026-06-02 14:53:48.459 INFO  [main] com.zaxxer.hikari.HikariDataSource - HikariPool-1 - Starting...
2026-06-02 14:53:48.629 INFO  [main] com.zaxxer.hikari.pool.HikariPool - HikariPool-1 - Added connection org.postgresql.jdbc.PgConnection@62de73eb
2026-06-02 14:53:48.641 INFO  [main] com.zaxxer.hikari.HikariDataSource - HikariPool-1 - Start completed.
2026-06-02 14:53:48.680 WARN  [main] org.hibernate.orm.deprecation - HHH90000025: PostgreSQLDialect does not need to be specified explicitly using 'hibernate.dialect' (remove the property setting and it will be selected by default)
2026-06-02 14:53:50.146 INFO  [main] o.h.e.t.j.p.i.JtaPlatformInitiator - HHH000489: No JTA platform available (set 'hibernate.transaction.jta.platform' to enable JTA platform integration)
2026-06-02 14:53:50.153 INFO  [main] o.s.o.j.LocalContainerEntityManagerFactoryBean - Initialized JPA EntityManagerFactory for persistence unit 'default'
2026-06-02 14:53:50.602 INFO  [main] o.s.d.j.r.query.QueryEnhancerFactory - Hibernate is in classpath; If applicable, HQL parser will be used.
2026-06-02 14:53:52.011 INFO  [main] o.s.s.c.a.a.c.InitializeAuthenticationProviderBeanManagerConfigurer$InitializeAuthenticationProviderManagerConfigurer - Global AuthenticationManager configured with AuthenticationProvider bean with name authenticationProvider
2026-06-02 14:53:52.019 WARN  [main] o.s.s.c.a.a.c.InitializeUserDetailsBeanManagerConfigurer$InitializeUserDetailsManagerConfigurer - Global AuthenticationManager configured with an AuthenticationProvider bean. UserDetailsService beans will not be used for username/password login. Consider removing the AuthenticationProvider bean. Alternatively, consider using the UserDetailsService in a manually instantiated DaoAuthenticationProvider.
2026-06-02 14:53:52.097 WARN  [main] o.s.b.a.o.j.JpaBaseConfiguration$JpaWebConfiguration - spring.jpa.open-in-view is enabled by default. Therefore, database queries may be performed during view rendering. Explicitly configure spring.jpa.open-in-view to disable this warning
2026-06-02 14:53:52.411 INFO  [main] o.s.s.web.DefaultSecurityFilterChain - Will secure any request with [org.springframework.security.web.session.DisableEncodeUrlFilter@122a3a87, org.springframework.security.web.context.request.async.WebAsyncManagerIntegrationFilter@30d14f84, org.springframework.security.web.context.SecurityContextHolderFilter@150ba838, org.springframework.security.web.header.HeaderWriterFilter@21fca5d3, org.springframework.web.filter.CorsFilter@c7b6c50, org.springframework.security.web.authentication.logout.LogoutFilter@7f2e2ae6, com.voltmart.ecommerce.security.JwtAuthenticationFilter@98c4a8b, org.springframework.security.web.savedrequest.RequestCacheAwareFilter@58ea2bc2, org.springframework.security.web.servletapi.SecurityContextHolderAwareRequestFilter@69fcec7c, org.springframework.security.web.authentication.AnonymousAuthenticationFilter@2f6a923d, org.springframework.security.web.session.SessionManagementFilter@3ac6c956, org.springframework.security.web.access.ExceptionTranslationFilter@2be6103f, org.springframework.security.web.access.intercept.AuthorizationFilter@712a6e68]
2026-06-02 14:53:52.606 INFO  [main] o.a.coyote.http11.Http11NioProtocol - Starting ProtocolHandler ["http-nio-8080"]
2026-06-02 14:53:52.635 INFO  [main] o.s.b.w.e.tomcat.TomcatWebServer - Tomcat started on port 8080 (http) with context path '/'
2026-06-02 14:53:52.636 INFO  [main] c.v.e.EcommerceBackendApplication - Started EcommerceBackendApplication in 6.905 seconds (process running for 7.274)
Hibernate: 
    select
        u1_0.id,
        u1_0.created_at,
        u1_0.email,
        u1_0.full_name,
        u1_0.password,
        u1_0.phone_number,
        u1_0.preferred_delivery_mode,
        u1_0.profile_image_url,
        u1_0.role,
        u1_0.wallet_balance 
    from
        users u1_0 
    where
        upper(u1_0.email)=upper(?)
Hibernate: 
    select
        u1_0.id,
        u1_0.created_at,
        u1_0.email,
        u1_0.full_name,
        u1_0.password,
        u1_0.phone_number,
        u1_0.preferred_delivery_mode,
        u1_0.profile_image_url,
        u1_0.role,
        u1_0.wallet_balance 
    from
        users u1_0 
    where
        u1_0.id=?
Hibernate: 
    update
        users 
    set
        created_at=?,
        email=?,
        full_name=?,
        password=?,
        phone_number=?,
        preferred_delivery_mode=?,
        profile_image_url=?,
        role=?,
        wallet_balance=? 
    where
        id=?
Hibernate: 
    select
        sp1_0.id,
        sp1_0.active,
        sp1_0.created_at,
        sp1_0.label,
        sp1_0.pincode,
        sp1_0.updated_at 
    from
        serviceable_pincode sp1_0 
    where
        sp1_0.pincode=?
Hibernate: 
    select
        p1_0.id,
        p1_0.badge,
        p1_0.best_seller,
        p1_0.brand,
        p1_0.bulk_eligible,
        p1_0.category_id,
        p1_0.created_at,
        p1_0.description,
        p1_0.featured,
        p1_0.hero_tag,
        p1_0.name,
        p1_0.new_arrival,
        p1_0.original_price,
        p1_0.price,
        p1_0.rating,
        p1_0.replacement_available,
        p1_0.review_count,
        p1_0.short_description,
        p1_0.slug,
        p1_0.warranty_available 
    from
        product p1_0 
    join
        category c1_0 
            on c1_0.id=p1_0.category_id 
    where
        c1_0.slug in (?, ?, ?, ?, ?, ?, ?, ?, ?)
Hibernate: 
    select
        c1_0.id,
        c1_0.description,
        c1_0.icon,
        c1_0.image,
        c1_0.name,
        c1_0.parent_id,
        c1_0.show_in_navbar,
        c1_0.slug 
    from
        category c1_0 
    where
        c1_0.slug in (?, ?, ?, ?, ?, ?, ?, ?, ?)
Hibernate: 
    select
        c1_0.id,
        c1_0.description,
        c1_0.icon,
        c1_0.image,
        c1_0.name,
        c1_0.parent_id,
        c1_0.show_in_navbar,
        c1_0.slug 
    from
        category c1_0 
    where
        c1_0.slug=?
Hibernate: 
    select
        c1_0.id,
        c1_0.description,
        c1_0.icon,
        c1_0.image,
        c1_0.name,
        c1_0.parent_id,
        c1_0.show_in_navbar,
        c1_0.slug 
    from
        category c1_0 
    where
        c1_0.id=?
Hibernate: 
    select
        c1_0.id,
        c1_0.description,
        c1_0.icon,
        c1_0.image,
        c1_0.name,
        c1_0.parent_id,
        c1_0.show_in_navbar,
        c1_0.slug 
    from
        category c1_0 
    where
        c1_0.slug=?
Hibernate: 
    select
        c1_0.id,
        c1_0.description,
        c1_0.icon,
        c1_0.image,
        c1_0.name,
        c1_0.parent_id,
        c1_0.show_in_navbar,
        c1_0.slug 
    from
        category c1_0 
    where
        c1_0.id=?
Hibernate: 
    select
        c1_0.id,
        c1_0.description,
        c1_0.icon,
        c1_0.image,
        c1_0.name,
        c1_0.parent_id,
        c1_0.show_in_navbar,
        c1_0.slug 
    from
        category c1_0 
    where
        c1_0.slug=?
Hibernate: 
    select
        c1_0.id,
        c1_0.description,
        c1_0.icon,
        c1_0.image,
        c1_0.name,
        c1_0.parent_id,
        c1_0.show_in_navbar,
        c1_0.slug 
    from
        category c1_0 
    where
        c1_0.id=?
Hibernate: 
    select
        c1_0.id,
        c1_0.description,
        c1_0.icon,
        c1_0.image,
        c1_0.name,
        c1_0.parent_id,
        c1_0.show_in_navbar,
        c1_0.slug 
    from
        category c1_0 
    where
        c1_0.slug=?
Hibernate: 
    select
        c1_0.id,
        c1_0.description,
        c1_0.icon,
        c1_0.image,
        c1_0.name,
        c1_0.parent_id,
        c1_0.show_in_navbar,
        c1_0.slug 
    from
        category c1_0 
    where
        c1_0.id=?
Hibernate: 
    select
        c1_0.id,
        c1_0.description,
        c1_0.icon,
        c1_0.image,
        c1_0.name,
        c1_0.parent_id,
        c1_0.show_in_navbar,
        c1_0.slug 
    from
        category c1_0 
    where
        c1_0.slug=?
Hibernate: 
    select
        c1_0.id,
        c1_0.description,
        c1_0.icon,
        c1_0.image,
        c1_0.name,
        c1_0.parent_id,
        c1_0.show_in_navbar,
        c1_0.slug 
    from
        category c1_0 
    where
        c1_0.id=?
Hibernate: 
    select
        c1_0.id,
        c1_0.description,
        c1_0.icon,
        c1_0.image,
        c1_0.name,
        c1_0.parent_id,
        c1_0.show_in_navbar,
        c1_0.slug 
    from
        category c1_0 
    where
        c1_0.slug=?
Hibernate: 
    select
        c1_0.id,
        c1_0.description,
        c1_0.icon,
        c1_0.image,
        c1_0.name,
        c1_0.parent_id,
        c1_0.show_in_navbar,
        c1_0.slug 
    from
        category c1_0 
    where
        c1_0.id=?
Hibernate: 
    select
        c1_0.id,
        c1_0.description,
        c1_0.icon,
        c1_0.image,
        c1_0.name,
        c1_0.parent_id,
        c1_0.show_in_navbar,
        c1_0.slug 
    from
        category c1_0 
    where
        c1_0.slug=?
Hibernate: 
    select
        c1_0.id,
        c1_0.description,
        c1_0.icon,
        c1_0.image,
        c1_0.name,
        c1_0.parent_id,
        c1_0.show_in_navbar,
        c1_0.slug 
    from
        category c1_0 
    where
        c1_0.id=?
Hibernate: 
    select
        c1_0.id,
        c1_0.description,
        c1_0.icon,
        c1_0.image,
        c1_0.name,
        c1_0.parent_id,
        c1_0.show_in_navbar,
        c1_0.slug 
    from
        category c1_0 
    where
        c1_0.slug=?
Hibernate: 
    select
        c1_0.id,
        c1_0.description,
        c1_0.icon,
        c1_0.image,
        c1_0.name,
        c1_0.parent_id,
        c1_0.show_in_navbar,
        c1_0.slug 
    from
        category c1_0 
    where
        c1_0.id=?
Hibernate: 
    select
        c1_0.id,
        c1_0.description,
        c1_0.icon,
        c1_0.image,
        c1_0.name,
        c1_0.parent_id,
        c1_0.show_in_navbar,
        c1_0.slug 
    from
        category c1_0 
    where
        c1_0.slug=?
Hibernate: 
    select
        c1_0.id,
        c1_0.description,
        c1_0.icon,
        c1_0.image,
        c1_0.name,
        c1_0.parent_id,
        c1_0.show_in_navbar,
        c1_0.slug 
    from
        category c1_0 
    where
        c1_0.id=?
Hibernate: 
    select
        c1_0.id,
        c1_0.description,
        c1_0.icon,
        c1_0.image,
        c1_0.name,
        c1_0.parent_id,
        c1_0.show_in_navbar,
        c1_0.slug 
    from
        category c1_0 
    where
        c1_0.slug=?
Hibernate: 
    select
        c1_0.id,
        c1_0.description,
        c1_0.icon,
        c1_0.image,
        c1_0.name,
        c1_0.parent_id,
        c1_0.show_in_navbar,
        c1_0.slug 
    from
        category c1_0 
    where
        c1_0.id=?
Hibernate: 
    select
        c1_0.id,
        c1_0.description,
        c1_0.icon,
        c1_0.image,
        c1_0.name,
        c1_0.parent_id,
        c1_0.show_in_navbar,
        c1_0.slug 
    from
        category c1_0 
    where
        c1_0.slug=?
Hibernate: 
    select
        c1_0.id,
        c1_0.description,
        c1_0.icon,
        c1_0.image,
        c1_0.name,
        c1_0.parent_id,
        c1_0.show_in_navbar,
        c1_0.slug 
    from
        category c1_0 
    where
        c1_0.id=?
Hibernate: 
    select
        count(*) 
    from
        product p1_0
2026-06-02 14:55:01.386 INFO  [http-nio-8080-exec-1] o.a.c.c.C.[Tomcat].[localhost].[/] - Initializing Spring DispatcherServlet 'dispatcherServlet'
2026-06-02 14:55:01.401 INFO  [http-nio-8080-exec-1] o.s.web.servlet.DispatcherServlet - Initializing Servlet 'dispatcherServlet'
2026-06-02 14:55:01.401 INFO  [http-nio-8080-exec-1] o.s.web.servlet.DispatcherServlet - Completed initialization in 0 ms
Hibernate: 
    select
        u1_0.id,
        u1_0.created_at,
        u1_0.email,
        u1_0.full_name,
        u1_0.password,
        u1_0.phone_number,
        u1_0.preferred_delivery_mode,
        u1_0.profile_image_url,
        u1_0.role,
        u1_0.wallet_balance 
    from
        users u1_0 
    where
        upper(u1_0.email)=upper(?) 
        or u1_0.phone_number=?
Hibernate: 
    select
        u1_0.id,
        u1_0.created_at,
        u1_0.email,
        u1_0.full_name,
        u1_0.password,
        u1_0.phone_number,
        u1_0.preferred_delivery_mode,
        u1_0.profile_image_url,
        u1_0.role,
        u1_0.wallet_balance 
    from
        users u1_0 
    where
        upper(u1_0.email)=upper(?)
Hibernate: 
    select
        u1_0.id,
        u1_0.created_at,
        u1_0.email,
        u1_0.full_name,
        u1_0.password,
        u1_0.phone_number,
        u1_0.preferred_delivery_mode,
        u1_0.profile_image_url,
        u1_0.role,
        u1_0.wallet_balance 
    from
        users u1_0 
    where
        upper(u1_0.email)=upper(?) 
        or u1_0.phone_number=?
Hibernate: 
    select
        i1_0.id,
        i1_0.low_stock_threshold,
        i1_0.product_id,
        i1_0.stock_quantity,
        i1_0.updated_at 
    from
        inventory i1_0
Hibernate: 
    select
        p1_0.id,
        p1_0.badge,
        p1_0.best_seller,
        p1_0.brand,
        p1_0.bulk_eligible,
        p1_0.category_id,
        c1_0.id,
        c1_0.description,
        c1_0.icon,
        c1_0.image,
        c1_0.name,
        c1_0.parent_id,
        c1_0.show_in_navbar,
        c1_0.slug,
        p1_0.created_at,
        p1_0.description,
        p1_0.featured,
        p1_0.hero_tag,
        p1_0.name,
        p1_0.new_arrival,
        p1_0.original_price,
        p1_0.price,
        p1_0.rating,
        p1_0.replacement_available,
        p1_0.review_count,
        p1_0.short_description,
        p1_0.slug,
        p1_0.warranty_available 
    from
        product p1_0 
    join
        category c1_0 
            on c1_0.id=p1_0.category_id 
    where
        p1_0.id=?
Hibernate: 
    select
        p1_0.id,
        p1_0.badge,
        p1_0.best_seller,
        p1_0.brand,
        p1_0.bulk_eligible,
        p1_0.category_id,
        c1_0.id,
        c1_0.description,
        c1_0.icon,
        c1_0.image,
        c1_0.name,
        c1_0.parent_id,
        c1_0.show_in_navbar,
        c1_0.slug,
        p1_0.created_at,
        p1_0.description,
        p1_0.featured,
        p1_0.hero_tag,
        p1_0.name,
        p1_0.new_arrival,
        p1_0.original_price,
        p1_0.price,
        p1_0.rating,
        p1_0.replacement_available,
        p1_0.review_count,
        p1_0.short_description,
        p1_0.slug,
        p1_0.warranty_available 
    from
        product p1_0 
    join
        category c1_0 
            on c1_0.id=p1_0.category_id 
    where
        p1_0.id=?
Hibernate: 
    select
        p1_0.id,
        p1_0.badge,
        p1_0.best_seller,
        p1_0.brand,
        p1_0.bulk_eligible,
        p1_0.category_id,
        c1_0.id,
        c1_0.description,
        c1_0.icon,
        c1_0.image,
        c1_0.name,
        c1_0.parent_id,
        c1_0.show_in_navbar,
        c1_0.slug,
        p1_0.created_at,
        p1_0.description,
        p1_0.featured,
        p1_0.hero_tag,
        p1_0.name,
        p1_0.new_arrival,
        p1_0.original_price,
        p1_0.price,
        p1_0.rating,
        p1_0.replacement_available,
        p1_0.review_count,
        p1_0.short_description,
        p1_0.slug,
        p1_0.warranty_available 
    from
        product p1_0 
    join
        category c1_0 
            on c1_0.id=p1_0.category_id 
    where
        p1_0.id=?
Hibernate: 
    select
        p1_0.id,
        p1_0.badge,
        p1_0.best_seller,
        p1_0.brand,
        p1_0.bulk_eligible,
        p1_0.category_id,
        c1_0.id,
        c1_0.description,
        c1_0.icon,
        c1_0.image,
        c1_0.name,
        c1_0.parent_id,
        c1_0.show_in_navbar,
        c1_0.slug,
        p1_0.created_at,
        p1_0.description,
        p1_0.featured,
        p1_0.hero_tag,
        p1_0.name,
        p1_0.new_arrival,
        p1_0.original_price,
        p1_0.price,
        p1_0.rating,
        p1_0.replacement_available,
        p1_0.review_count,
        p1_0.short_description,
        p1_0.slug,
        p1_0.warranty_available 
    from
        product p1_0 
    join
        category c1_0 
            on c1_0.id=p1_0.category_id 
    where
        p1_0.id=?
Hibernate: 
    select
        p1_0.id,
        p1_0.badge,
        p1_0.best_seller,
        p1_0.brand,
        p1_0.bulk_eligible,
        p1_0.category_id,
        c1_0.id,
        c1_0.description,
        c1_0.icon,
        c1_0.image,
        c1_0.name,
        c1_0.parent_id,
        c1_0.show_in_navbar,
        c1_0.slug,
        p1_0.created_at,
        p1_0.description,
        p1_0.featured,
        p1_0.hero_tag,
        p1_0.name,
        p1_0.new_arrival,
        p1_0.original_price,
        p1_0.price,
        p1_0.rating,
        p1_0.replacement_available,
        p1_0.review_count,
        p1_0.short_description,
        p1_0.slug,
        p1_0.warranty_available 
    from
        product p1_0 
    join
        category c1_0 
            on c1_0.id=p1_0.category_id 
    where
        p1_0.id=?
Hibernate: 
    select
        p1_0.id,
        p1_0.badge,
        p1_0.best_seller,
        p1_0.brand,
        p1_0.bulk_eligible,
        p1_0.category_id,
        c1_0.id,
        c1_0.description,
        c1_0.icon,
        c1_0.image,
        c1_0.name,
        c1_0.parent_id,
        c1_0.show_in_navbar,
        c1_0.slug,
        p1_0.created_at,
        p1_0.description,
        p1_0.featured,
        p1_0.hero_tag,
        p1_0.name,
        p1_0.new_arrival,
        p1_0.original_price,
        p1_0.price,
        p1_0.rating,
        p1_0.replacement_available,
        p1_0.review_count,
        p1_0.short_description,
        p1_0.slug,
        p1_0.warranty_available 
    from
        product p1_0 
    join
        category c1_0 
            on c1_0.id=p1_0.category_id 
    where
        p1_0.id=?
Hibernate: 
    select
        count(*) 
    from
        product p1_0
Hibernate: 
    select
        count(*) 
    from
        orders o1_0
Hibernate: 
    select
        count(*) 
    from
        users u1_0
Hibernate: 
    select
        count(*) 
    from
        bulk_order_inquiry boi1_0
Hibernate: 
    select
        u1_0.id,
        u1_0.created_at,
        u1_0.email,
        u1_0.full_name,
        u1_0.password,
        u1_0.phone_number,
        u1_0.preferred_delivery_mode,
        u1_0.profile_image_url,
        u1_0.role,
        u1_0.wallet_balance 
    from
        users u1_0 
    where
        upper(u1_0.email)=upper(?) 
        or u1_0.phone_number=?
Hibernate: 
    select
        p1_0.id,
        p1_0.badge,
        p1_0.best_seller,
        p1_0.brand,
        p1_0.bulk_eligible,
        p1_0.category_id,
        p1_0.created_at,
        p1_0.description,
        p1_0.featured,
        p1_0.hero_tag,
        p1_0.name,
        p1_0.new_arrival,
        p1_0.original_price,
        p1_0.price,
        p1_0.rating,
        p1_0.replacement_available,
        p1_0.review_count,
        p1_0.short_description,
        p1_0.slug,
        p1_0.warranty_available 
    from
        product p1_0 
    order by
        p1_0.created_at desc
Hibernate: 
    select
        c1_0.id,
        c1_0.description,
        c1_0.icon,
        c1_0.image,
        c1_0.name,
        c1_0.parent_id,
        c1_0.show_in_navbar,
        c1_0.slug 
    from
        category c1_0 
    where
        c1_0.id=?
Hibernate: 
    select
        c1_0.id,
        c1_0.description,
        c1_0.icon,
        c1_0.image,
        c1_0.name,
        c1_0.parent_id,
        c1_0.show_in_navbar,
        c1_0.slug 
    from
        category c1_0 
    where
        c1_0.id=?
Hibernate: 
    select
        c1_0.id,
        c1_0.description,
        c1_0.icon,
        c1_0.image,
        c1_0.name,
        c1_0.parent_id,
        c1_0.show_in_navbar,
        c1_0.slug 
    from
        category c1_0 
    where
        c1_0.id=?
Hibernate: 
    select
        c1_0.id,
        c1_0.description,
        c1_0.icon,
        c1_0.image,
        c1_0.name,
        c1_0.parent_id,
        c1_0.show_in_navbar,
        c1_0.slug 
    from
        category c1_0 
    where
        c1_0.id=?
Hibernate: 
    select
        c1_0.id,
        c1_0.description,
        c1_0.icon,
        c1_0.image,
        c1_0.name,
        c1_0.parent_id,
        c1_0.show_in_navbar,
        c1_0.slug 
    from
        category c1_0 
    where
        c1_0.id=?
Hibernate: 
    select
        i1_0.id,
        i1_0.low_stock_threshold,
        i1_0.product_id,
        i1_0.stock_quantity,
        i1_0.updated_at 
    from
        inventory i1_0 
    where
        i1_0.product_id=?
Hibernate: 
    select
        i1_0.id,
        i1_0.low_stock_threshold,
        i1_0.product_id,
        i1_0.stock_quantity,
        i1_0.updated_at 
    from
        inventory i1_0 
    where
        i1_0.product_id=?
Hibernate: 
    select
        i1_0.id,
        i1_0.low_stock_threshold,
        i1_0.product_id,
        i1_0.stock_quantity,
        i1_0.updated_at 
    from
        inventory i1_0 
    where
        i1_0.product_id=?
Hibernate: 
    select
        i1_0.id,
        i1_0.low_stock_threshold,
        i1_0.product_id,
        i1_0.stock_quantity,
        i1_0.updated_at 
    from
        inventory i1_0 
    where
        i1_0.product_id=?
Hibernate: 
    select
        i1_0.id,
        i1_0.low_stock_threshold,
        i1_0.product_id,
        i1_0.stock_quantity,
        i1_0.updated_at 
    from
        inventory i1_0 
    where
        i1_0.product_id=?
Hibernate: 
    select
        i1_0.id,
        i1_0.low_stock_threshold,
        i1_0.product_id,
        i1_0.stock_quantity,
        i1_0.updated_at 
    from
        inventory i1_0 
    where
        i1_0.product_id=?
Hibernate: 
    select
        iu1_0.product_id,
        iu1_0.image_url 
    from
        product_images iu1_0 
    where
        iu1_0.product_id=?
Hibernate: 
    select
        t1_0.product_id,
        t1_0.tag 
    from
        product_tags t1_0 
    where
        t1_0.product_id=?
Hibernate: 
    select
        iu1_0.product_id,
        iu1_0.image_url 
    from
        product_images iu1_0 
    where
        iu1_0.product_id=?
Hibernate: 
    select
        t1_0.product_id,
        t1_0.tag 
    from
        product_tags t1_0 
    where
        t1_0.product_id=?
Hibernate: 
    select
        iu1_0.product_id,
        iu1_0.image_url 
    from
        product_images iu1_0 
    where
        iu1_0.product_id=?
Hibernate: 
    select
        t1_0.product_id,
        t1_0.tag 
    from
        product_tags t1_0 
    where
        t1_0.product_id=?
Hibernate: 
    select
        iu1_0.product_id,
        iu1_0.image_url 
    from
        product_images iu1_0 
    where
        iu1_0.product_id=?
Hibernate: 
    select
        t1_0.product_id,
        t1_0.tag 
    from
        product_tags t1_0 
    where
        t1_0.product_id=?
Hibernate: 
    select
        iu1_0.product_id,
        iu1_0.image_url 
    from
        product_images iu1_0 
    where
        iu1_0.product_id=?
Hibernate: 
    select
        t1_0.product_id,
        t1_0.tag 
    from
        product_tags t1_0 
    where
        t1_0.product_id=?
Hibernate: 
    select
        iu1_0.product_id,
        iu1_0.image_url 
    from
        product_images iu1_0 
    where
        iu1_0.product_id=?
Hibernate: 
    select
        t1_0.product_id,
        t1_0.tag 
    from
        product_tags t1_0 
    where
        t1_0.product_id=?
Hibernate: 
    select
        u1_0.id,
        u1_0.created_at,
        u1_0.email,
        u1_0.full_name,
        u1_0.password,
        u1_0.phone_number,
        u1_0.preferred_delivery_mode,
        u1_0.profile_image_url,
        u1_0.role,
        u1_0.wallet_balance 
    from
        users u1_0 
    where
        upper(u1_0.email)=upper(?) 
        or u1_0.phone_number=?
Hibernate: 
    select
        c1_0.id,
        c1_0.description,
        c1_0.icon,
        c1_0.image,
        c1_0.name,
        c1_0.parent_id,
        c1_0.show_in_navbar,
        c1_0.slug 
    from
        category c1_0
Hibernate: 
    select
        p1_0.id,
        p1_0.badge,
        p1_0.best_seller,
        p1_0.brand,
        p1_0.bulk_eligible,
        p1_0.category_id,
        p1_0.created_at,
        p1_0.description,
        p1_0.featured,
        p1_0.hero_tag,
        p1_0.name,
        p1_0.new_arrival,
        p1_0.original_price,
        p1_0.price,
        p1_0.rating,
        p1_0.replacement_available,
        p1_0.review_count,
        p1_0.short_description,
        p1_0.slug,
        p1_0.warranty_available 
    from
        product p1_0
Hibernate: 
    select
        c1_0.parent_id,
        c1_0.id,
        c1_0.description,
        c1_0.icon,
        c1_0.image,
        c1_0.name,
        c1_0.show_in_navbar,
        c1_0.slug 
    from
        category c1_0 
    where
        c1_0.parent_id=?
Hibernate: 
    select
        c1_0.parent_id,
        c1_0.id,
        c1_0.description,
        c1_0.icon,
        c1_0.image,
        c1_0.name,
        c1_0.show_in_navbar,
        c1_0.slug 
    from
        category c1_0 
    where
        c1_0.parent_id=?
Hibernate: 
    select
        c1_0.parent_id,
        c1_0.id,
        c1_0.description,
        c1_0.icon,
        c1_0.image,
        c1_0.name,
        c1_0.show_in_navbar,
        c1_0.slug 
    from
        category c1_0 
    where
        c1_0.parent_id=?
Hibernate: 
    select
        c1_0.parent_id,
        c1_0.id,
        c1_0.description,
        c1_0.icon,
        c1_0.image,
        c1_0.name,
        c1_0.show_in_navbar,
        c1_0.slug 
    from
        category c1_0 
    where
        c1_0.parent_id=?
Hibernate: 
    select
        c1_0.parent_id,
        c1_0.id,
        c1_0.description,
        c1_0.icon,
        c1_0.image,
        c1_0.name,
        c1_0.show_in_navbar,
        c1_0.slug 
    from
        category c1_0 
    where
        c1_0.parent_id=?
Hibernate: 
    select
        c1_0.parent_id,
        c1_0.id,
        c1_0.description,
        c1_0.icon,
        c1_0.image,
        c1_0.name,
        c1_0.show_in_navbar,
        c1_0.slug 
    from
        category c1_0 
    where
        c1_0.parent_id=?
Hibernate: 
    select
        c1_0.parent_id,
        c1_0.id,
        c1_0.description,
        c1_0.icon,
        c1_0.image,
        c1_0.name,
        c1_0.show_in_navbar,
        c1_0.slug 
    from
        category c1_0 
    where
        c1_0.parent_id=?
Hibernate: 
    select
        c1_0.parent_id,
        c1_0.id,
        c1_0.description,
        c1_0.icon,
        c1_0.image,
        c1_0.name,
        c1_0.show_in_navbar,
        c1_0.slug 
    from
        category c1_0 
    where
        c1_0.parent_id=?
Hibernate: 
    select
        c1_0.parent_id,
        c1_0.id,
        c1_0.description,
        c1_0.icon,
        c1_0.image,
        c1_0.name,
        c1_0.show_in_navbar,
        c1_0.slug 
    from
        category c1_0 
    where
        c1_0.parent_id=?
Hibernate: 
    select
        c1_0.parent_id,
        c1_0.id,
        c1_0.description,
        c1_0.icon,
        c1_0.image,
        c1_0.name,
        c1_0.show_in_navbar,
        c1_0.slug 
    from
        category c1_0 
    where
        c1_0.parent_id=?
Hibernate: 
    select
        c1_0.parent_id,
        c1_0.id,
        c1_0.description,
        c1_0.icon,
        c1_0.image,
        c1_0.name,
        c1_0.show_in_navbar,
        c1_0.slug 
    from
        category c1_0 
    where
        c1_0.parent_id=?
Hibernate: 
    select
        c1_0.parent_id,
        c1_0.id,
        c1_0.description,
        c1_0.icon,
        c1_0.image,
        c1_0.name,
        c1_0.show_in_navbar,
        c1_0.slug 
    from
        category c1_0 
    where
        c1_0.parent_id=?
Hibernate: 
    select
        u1_0.id,
        u1_0.created_at,
        u1_0.email,
        u1_0.full_name,
        u1_0.password,
        u1_0.phone_number,
        u1_0.preferred_delivery_mode,
        u1_0.profile_image_url,
        u1_0.role,
        u1_0.wallet_balance 
    from
        users u1_0 
    where
        upper(u1_0.email)=upper(?) 
        or u1_0.phone_number=?
Hibernate: 
    select
        i1_0.id,
        i1_0.low_stock_threshold,
        i1_0.product_id,
        i1_0.stock_quantity,
        i1_0.updated_at 
    from
        inventory i1_0
Hibernate: 
    select
        p1_0.id,
        p1_0.badge,
        p1_0.best_seller,
        p1_0.brand,
        p1_0.bulk_eligible,
        p1_0.category_id,
        c1_0.id,
        c1_0.description,
        c1_0.icon,
        c1_0.image,
        c1_0.name,
        c1_0.parent_id,
        c1_0.show_in_navbar,
        c1_0.slug,
        p1_0.created_at,
        p1_0.description,
        p1_0.featured,
        p1_0.hero_tag,
        p1_0.name,
        p1_0.new_arrival,
        p1_0.original_price,
        p1_0.price,
        p1_0.rating,
        p1_0.replacement_available,
        p1_0.review_count,
        p1_0.short_description,
        p1_0.slug,
        p1_0.warranty_available 
    from
        product p1_0 
    join
        category c1_0 
            on c1_0.id=p1_0.category_id 
    where
        p1_0.id=?
Hibernate: 
    select
        p1_0.id,
        p1_0.badge,
        p1_0.best_seller,
        p1_0.brand,
        p1_0.bulk_eligible,
        p1_0.category_id,
        c1_0.id,
        c1_0.description,
        c1_0.icon,
        c1_0.image,
        c1_0.name,
        c1_0.parent_id,
        c1_0.show_in_navbar,
        c1_0.slug,
        p1_0.created_at,
        p1_0.description,
        p1_0.featured,
        p1_0.hero_tag,
        p1_0.name,
        p1_0.new_arrival,
        p1_0.original_price,
        p1_0.price,
        p1_0.rating,
        p1_0.replacement_available,
        p1_0.review_count,
        p1_0.short_description,
        p1_0.slug,
        p1_0.warranty_available 
    from
        product p1_0 
    join
        category c1_0 
            on c1_0.id=p1_0.category_id 
    where
        p1_0.id=?
Hibernate: 
    select
        p1_0.id,
        p1_0.badge,
        p1_0.best_seller,
        p1_0.brand,
        p1_0.bulk_eligible,
        p1_0.category_id,
        c1_0.id,
        c1_0.description,
        c1_0.icon,
        c1_0.image,
        c1_0.name,
        c1_0.parent_id,
        c1_0.show_in_navbar,
        c1_0.slug,
        p1_0.created_at,
        p1_0.description,
        p1_0.featured,
        p1_0.hero_tag,
        p1_0.name,
        p1_0.new_arrival,
        p1_0.original_price,
        p1_0.price,
        p1_0.rating,
        p1_0.replacement_available,
        p1_0.review_count,
        p1_0.short_description,
        p1_0.slug,
        p1_0.warranty_available 
    from
        product p1_0 
    join
        category c1_0 
            on c1_0.id=p1_0.category_id 
    where
        p1_0.id=?
Hibernate: 
    select
        p1_0.id,
        p1_0.badge,
        p1_0.best_seller,
        p1_0.brand,
        p1_0.bulk_eligible,
        p1_0.category_id,
        c1_0.id,
        c1_0.description,
        c1_0.icon,
        c1_0.image,
        c1_0.name,
        c1_0.parent_id,
        c1_0.show_in_navbar,
        c1_0.slug,
        p1_0.created_at,
        p1_0.description,
        p1_0.featured,
        p1_0.hero_tag,
        p1_0.name,
        p1_0.new_arrival,
        p1_0.original_price,
        p1_0.price,
        p1_0.rating,
        p1_0.replacement_available,
        p1_0.review_count,
        p1_0.short_description,
        p1_0.slug,
        p1_0.warranty_available 
    from
        product p1_0 
    join
        category c1_0 
            on c1_0.id=p1_0.category_id 
    where
        p1_0.id=?
Hibernate: 
    select
        p1_0.id,
        p1_0.badge,
        p1_0.best_seller,
        p1_0.brand,
        p1_0.bulk_eligible,
        p1_0.category_id,
        c1_0.id,
        c1_0.description,
        c1_0.icon,
        c1_0.image,
        c1_0.name,
        c1_0.parent_id,
        c1_0.show_in_navbar,
        c1_0.slug,
        p1_0.created_at,
        p1_0.description,
        p1_0.featured,
        p1_0.hero_tag,
        p1_0.name,
        p1_0.new_arrival,
        p1_0.original_price,
        p1_0.price,
        p1_0.rating,
        p1_0.replacement_available,
        p1_0.review_count,
        p1_0.short_description,
        p1_0.slug,
        p1_0.warranty_available 
    from
        product p1_0 
    join
        category c1_0 
            on c1_0.id=p1_0.category_id 
    where
        p1_0.id=?
Hibernate: 
    select
        p1_0.id,
        p1_0.badge,
        p1_0.best_seller,
        p1_0.brand,
        p1_0.bulk_eligible,
        p1_0.category_id,
        c1_0.id,
        c1_0.description,
        c1_0.icon,
        c1_0.image,
        c1_0.name,
        c1_0.parent_id,
        c1_0.show_in_navbar,
        c1_0.slug,
        p1_0.created_at,
        p1_0.description,
        p1_0.featured,
        p1_0.hero_tag,
        p1_0.name,
        p1_0.new_arrival,
        p1_0.original_price,
        p1_0.price,
        p1_0.rating,
        p1_0.replacement_available,
        p1_0.review_count,
        p1_0.short_description,
        p1_0.slug,
        p1_0.warranty_available 
    from
        product p1_0 
    join
        category c1_0 
            on c1_0.id=p1_0.category_id 
    where
        p1_0.id=?
Hibernate: 
    select
        u1_0.id,
        u1_0.created_at,
        u1_0.email,
        u1_0.full_name,
        u1_0.password,
        u1_0.phone_number,
        u1_0.preferred_delivery_mode,
        u1_0.profile_image_url,
        u1_0.role,
        u1_0.wallet_balance 
    from
        users u1_0 
    where
        upper(u1_0.email)=upper(?) 
        or u1_0.phone_number=?
Hibernate: 
    select
        o1_0.id,
        o1_0.applied_coupon_code,
        o1_0.applied_discount_amount,
        o1_0.city,
        o1_0.created_at,
        o1_0.delivery_mode,
        o1_0.delivery_slot,
        o1_0.email,
        o1_0.order_number,
        o1_0.phone,
        o1_0.postal_code,
        o1_0.priority_notes,
        o1_0.priority_order,
        o1_0.shipping_address,
        o1_0.shipping_cost,
        o1_0.shipping_name,
        o1_0.status,
        o1_0.subtotal,
        o1_0.tax_amount,
        o1_0.total_amount,
        o1_0.user_id,
        o1_0.user_address_id,
        o1_0.wallet_credit_amount,
        o1_0.wallet_credit_eligible_at,
        o1_0.wallet_credit_processed,
        o1_0.wallet_debit_amount 
    from
        orders o1_0
Hibernate: 
    select
        u1_0.id,
        u1_0.created_at,
        u1_0.email,
        u1_0.full_name,
        u1_0.password,
        u1_0.phone_number,
        u1_0.preferred_delivery_mode,
        u1_0.profile_image_url,
        u1_0.role,
        u1_0.wallet_balance 
    from
        users u1_0 
    where
        u1_0.id=?
Hibernate: 
    select
        u1_0.id,
        u1_0.created_at,
        u1_0.email,
        u1_0.full_name,
        u1_0.password,
        u1_0.phone_number,
        u1_0.preferred_delivery_mode,
        u1_0.profile_image_url,
        u1_0.role,
        u1_0.wallet_balance 
    from
        users u1_0 
    where
        u1_0.id=?
Hibernate: 
    select
        i1_0.order_id,
        i1_0.id,
        i1_0.product_id,
        p1_0.id,
        p1_0.badge,
        p1_0.best_seller,
        p1_0.brand,
        p1_0.bulk_eligible,
        p1_0.category_id,
        c1_0.id,
        c1_0.description,
        c1_0.icon,
        c1_0.image,
        c1_0.name,
        c1_0.parent_id,
        c1_0.show_in_navbar,
        c1_0.slug,
        p1_0.created_at,
        p1_0.description,
        p1_0.featured,
        p1_0.hero_tag,
        p1_0.name,
        p1_0.new_arrival,
        p1_0.original_price,
        p1_0.price,
        p1_0.rating,
        p1_0.replacement_available,
        p1_0.review_count,
        p1_0.short_description,
        p1_0.slug,
        p1_0.warranty_available,
        i1_0.quantity,
        i1_0.unit_price 
    from
        order_item i1_0 
    left join
        product p1_0 
            on p1_0.id=i1_0.product_id 
    left join
        category c1_0 
            on c1_0.id=p1_0.category_id 
    where
        i1_0.order_id=?
Hibernate: 
    select
        iu1_0.product_id,
        iu1_0.image_url 
    from
        product_images iu1_0 
    where
        iu1_0.product_id=?
Hibernate: 
    select
        i1_0.order_id,
        i1_0.id,
        i1_0.product_id,
        p1_0.id,
        p1_0.badge,
        p1_0.best_seller,
        p1_0.brand,
        p1_0.bulk_eligible,
        p1_0.category_id,
        c1_0.id,
        c1_0.description,
        c1_0.icon,
        c1_0.image,
        c1_0.name,
        c1_0.parent_id,
        c1_0.show_in_navbar,
        c1_0.slug,
        p1_0.created_at,
        p1_0.description,
        p1_0.featured,
        p1_0.hero_tag,
        p1_0.name,
        p1_0.new_arrival,
        p1_0.original_price,
        p1_0.price,
        p1_0.rating,
        p1_0.replacement_available,
        p1_0.review_count,
        p1_0.short_description,
        p1_0.slug,
        p1_0.warranty_available,
        i1_0.quantity,
        i1_0.unit_price 
    from
        order_item i1_0 
    left join
        product p1_0 
            on p1_0.id=i1_0.product_id 
    left join
        category c1_0 
            on c1_0.id=p1_0.category_id 
    where
        i1_0.order_id=?
Hibernate: 
    select
        i1_0.order_id,
        i1_0.id,
        i1_0.product_id,
        p1_0.id,
        p1_0.badge,
        p1_0.best_seller,
        p1_0.brand,
        p1_0.bulk_eligible,
        p1_0.category_id,
        c1_0.id,
        c1_0.description,
        c1_0.icon,
        c1_0.image,
        c1_0.name,
        c1_0.parent_id,
        c1_0.show_in_navbar,
        c1_0.slug,
        p1_0.created_at,
        p1_0.description,
        p1_0.featured,
        p1_0.hero_tag,
        p1_0.name,
        p1_0.new_arrival,
        p1_0.original_price,
        p1_0.price,
        p1_0.rating,
        p1_0.replacement_available,
        p1_0.review_count,
        p1_0.short_description,
        p1_0.slug,
        p1_0.warranty_available,
        i1_0.quantity,
        i1_0.unit_price 
    from
        order_item i1_0 
    left join
        product p1_0 
            on p1_0.id=i1_0.product_id 
    left join
        category c1_0 
            on c1_0.id=p1_0.category_id 
    where
        i1_0.order_id=?
Hibernate: 
    select
        iu1_0.product_id,
        iu1_0.image_url 
    from
        product_images iu1_0 
    where
        iu1_0.product_id=?
Hibernate: 
    select
        i1_0.order_id,
        i1_0.id,
        i1_0.product_id,
        p1_0.id,
        p1_0.badge,
        p1_0.best_seller,
        p1_0.brand,
        p1_0.bulk_eligible,
        p1_0.category_id,
        c1_0.id,
        c1_0.description,
        c1_0.icon,
        c1_0.image,
        c1_0.name,
        c1_0.parent_id,
        c1_0.show_in_navbar,
        c1_0.slug,
        p1_0.created_at,
        p1_0.description,
        p1_0.featured,
        p1_0.hero_tag,
        p1_0.name,
        p1_0.new_arrival,
        p1_0.original_price,
        p1_0.price,
        p1_0.rating,
        p1_0.replacement_available,
        p1_0.review_count,
        p1_0.short_description,
        p1_0.slug,
        p1_0.warranty_available,
        i1_0.quantity,
        i1_0.unit_price 
    from
        order_item i1_0 
    left join
        product p1_0 
            on p1_0.id=i1_0.product_id 
    left join
        category c1_0 
            on c1_0.id=p1_0.category_id 
    where
        i1_0.order_id=?
Hibernate: 
    select
        u1_0.id,
        u1_0.created_at,
        u1_0.email,
        u1_0.full_name,
        u1_0.password,
        u1_0.phone_number,
        u1_0.preferred_delivery_mode,
        u1_0.profile_image_url,
        u1_0.role,
        u1_0.wallet_balance 
    from
        users u1_0 
    where
        upper(u1_0.email)=upper(?) 
        or u1_0.phone_number=?
Hibernate: 
    select
        u1_0.id,
        u1_0.created_at,
        u1_0.email,
        u1_0.full_name,
        u1_0.password,
        u1_0.phone_number,
        u1_0.preferred_delivery_mode,
        u1_0.profile_image_url,
        u1_0.role,
        u1_0.wallet_balance 
    from
        users u1_0
Hibernate: 
    select
        u1_0.id,
        u1_0.created_at,
        u1_0.email,
        u1_0.full_name,
        u1_0.password,
        u1_0.phone_number,
        u1_0.preferred_delivery_mode,
        u1_0.profile_image_url,
        u1_0.role,
        u1_0.wallet_balance 
    from
        users u1_0 
    where
        upper(u1_0.email)=upper(?) 
        or u1_0.phone_number=?
Hibernate: 
    select
        wc1_0.id,
        wc1_0.active,
        wc1_0.amount,
        wc1_0.assigned_customer_emails,
        wc1_0.code,
        wc1_0.created_at,
        wc1_0.deleted,
        wc1_0.description,
        wc1_0.discount_percentage,
        wc1_0.redemption_frequency,
        wc1_0.reward_delay_minutes,
        wc1_0.type,
        wc1_0.updated_at 
    from
        wallet_coupon wc1_0
Hibernate: 
    select
        u1_0.id,
        u1_0.created_at,
        u1_0.email,
        u1_0.full_name,
        u1_0.password,
        u1_0.phone_number,
        u1_0.preferred_delivery_mode,
        u1_0.profile_image_url,
        u1_0.role,
        u1_0.wallet_balance 
    from
        users u1_0 
    where
        upper(u1_0.email)=upper(?) 
        or u1_0.phone_number=?
Hibernate: 
    select
        sr1_0.id,
        sr1_0.address,
        sr1_0.created_at,
        sr1_0.customer_name,
        sr1_0.description,
        sr1_0.phone_number,
        sr1_0.postal_code,
        sr1_0.problem_images,
        sr1_0.service_key,
        sr1_0.service_name,
        sr1_0.user_id 
    from
        service_request sr1_0 
    order by
        sr1_0.created_at desc
Hibernate: 
    select
        u1_0.id,
        u1_0.created_at,
        u1_0.email,
        u1_0.full_name,
        u1_0.password,
        u1_0.phone_number,
        u1_0.preferred_delivery_mode,
        u1_0.profile_image_url,
        u1_0.role,
        u1_0.wallet_balance 
    from
        users u1_0 
    where
        upper(u1_0.email)=upper(?) 
        or u1_0.phone_number=?
Hibernate: 
    select
        rr1_0.id,
        rr1_0.admin_note,
        rr1_0.created_at,
        rr1_0.description,
        rr1_0.initiated_by_admin,
        rr1_0.order_id,
        rr1_0.preferred_resolution,
        rr1_0.reason,
        rr1_0.refund_processed,
        rr1_0.refunded_at,
        rr1_0.request_type,
        rr1_0.reviewed_at,
        rr1_0.status,
        rr1_0.user_id 
    from
        return_requests rr1_0 
    order by
        rr1_0.created_at desc
Hibernate: 
    select
        o1_0.id,
        o1_0.applied_coupon_code,
        o1_0.applied_discount_amount,
        o1_0.city,
        o1_0.created_at,
        o1_0.delivery_mode,
        o1_0.delivery_slot,
        o1_0.email,
        o1_0.order_number,
        o1_0.phone,
        o1_0.postal_code,
        o1_0.priority_notes,
        o1_0.priority_order,
        o1_0.shipping_address,
        o1_0.shipping_cost,
        o1_0.shipping_name,
        o1_0.status,
        o1_0.subtotal,
        o1_0.tax_amount,
        o1_0.total_amount,
        o1_0.user_id,
        u1_0.id,
        u1_0.created_at,
        u1_0.email,
        u1_0.full_name,
        u1_0.password,
        u1_0.phone_number,
        u1_0.preferred_delivery_mode,
        u1_0.profile_image_url,
        u1_0.role,
        u1_0.wallet_balance,
        o1_0.user_address_id,
        o1_0.wallet_credit_amount,
        o1_0.wallet_credit_eligible_at,
        o1_0.wallet_credit_processed,
        o1_0.wallet_debit_amount 
    from
        orders o1_0 
    join
        users u1_0 
            on u1_0.id=o1_0.user_id 
    where
        o1_0.id=?
Hibernate: 
    select
        o1_0.id,
        o1_0.applied_coupon_code,
        o1_0.applied_discount_amount,
        o1_0.city,
        o1_0.created_at,
        o1_0.delivery_mode,
        o1_0.delivery_slot,
        o1_0.email,
        o1_0.order_number,
        o1_0.phone,
        o1_0.postal_code,
        o1_0.priority_notes,
        o1_0.priority_order,
        o1_0.shipping_address,
        o1_0.shipping_cost,
        o1_0.shipping_name,
        o1_0.status,
        o1_0.subtotal,
        o1_0.tax_amount,
        o1_0.total_amount,
        o1_0.user_id,
        u1_0.id,
        u1_0.created_at,
        u1_0.email,
        u1_0.full_name,
        u1_0.password,
        u1_0.phone_number,
        u1_0.preferred_delivery_mode,
        u1_0.profile_image_url,
        u1_0.role,
        u1_0.wallet_balance,
        o1_0.user_address_id,
        o1_0.wallet_credit_amount,
        o1_0.wallet_credit_eligible_at,
        o1_0.wallet_credit_processed,
        o1_0.wallet_debit_amount 
    from
        orders o1_0 
    join
        users u1_0 
            on u1_0.id=o1_0.user_id 
    where
        o1_0.id=?
Hibernate: 
    select
        o1_0.id,
        o1_0.applied_coupon_code,
        o1_0.applied_discount_amount,
        o1_0.city,
        o1_0.created_at,
        o1_0.delivery_mode,
        o1_0.delivery_slot,
        o1_0.email,
        o1_0.order_number,
        o1_0.phone,
        o1_0.postal_code,
        o1_0.priority_notes,
        o1_0.priority_order,
        o1_0.shipping_address,
        o1_0.shipping_cost,
        o1_0.shipping_name,
        o1_0.status,
        o1_0.subtotal,
        o1_0.tax_amount,
        o1_0.total_amount,
        o1_0.user_id,
        u1_0.id,
        u1_0.created_at,
        u1_0.email,
        u1_0.full_name,
        u1_0.password,
        u1_0.phone_number,
        u1_0.preferred_delivery_mode,
        u1_0.profile_image_url,
        u1_0.role,
        u1_0.wallet_balance,
        o1_0.user_address_id,
        o1_0.wallet_credit_amount,
        o1_0.wallet_credit_eligible_at,
        o1_0.wallet_credit_processed,
        o1_0.wallet_debit_amount 
    from
        orders o1_0 
    join
        users u1_0 
            on u1_0.id=o1_0.user_id 
    where
        o1_0.id=?
Hibernate: 
    select
        u1_0.id,
        u1_0.created_at,
        u1_0.email,
        u1_0.full_name,
        u1_0.password,
        u1_0.phone_number,
        u1_0.preferred_delivery_mode,
        u1_0.profile_image_url,
        u1_0.role,
        u1_0.wallet_balance 
    from
        users u1_0 
    where
        upper(u1_0.email)=upper(?) 
        or u1_0.phone_number=?
Hibernate: 
    select
        b1_0.id,
        b1_0.image_url 
    from
        banner b1_0 
    order by
        b1_0.id desc
Hibernate: 
    select
        u1_0.id,
        u1_0.created_at,
        u1_0.email,
        u1_0.full_name,
        u1_0.password,
        u1_0.phone_number,
        u1_0.preferred_delivery_mode,
        u1_0.profile_image_url,
        u1_0.role,
        u1_0.wallet_balance 
    from
        users u1_0 
    where
        upper(u1_0.email)=upper(?) 
        or u1_0.phone_number=?
Hibernate: 
    select
        sp1_0.id,
        sp1_0.active,
        sp1_0.created_at,
        sp1_0.label,
        sp1_0.pincode,
        sp1_0.updated_at 
    from
        serviceable_pincode sp1_0 
    order by
        sp1_0.pincode
Hibernate: 
    select
        u1_0.id,
        u1_0.created_at,
        u1_0.email,
        u1_0.full_name,
        u1_0.password,
        u1_0.phone_number,
        u1_0.preferred_delivery_mode,
        u1_0.profile_image_url,
        u1_0.role,
        u1_0.wallet_balance 
    from
        users u1_0 
    where
        upper(u1_0.email)=upper(?) 
        or u1_0.phone_number=?
Hibernate: 
    select
        c1_0.id,
        c1_0.description,
        c1_0.icon,
        c1_0.image,
        c1_0.name,
        c1_0.parent_id,
        c1_0.show_in_navbar,
        c1_0.slug 
    from
        category c1_0 
    where
        upper(c1_0.name)=upper(?)
Hibernate: 
    select
        c1_0.id,
        c1_0.description,
        c1_0.icon,
        c1_0.image,
        c1_0.name,
        c1_0.parent_id,
        c1_0.show_in_navbar,
        c1_0.slug 
    from
        category c1_0 
    where
        upper(c1_0.slug)=upper(?)
Hibernate: 
    insert 
    into
        category
        (description, icon, image, name, parent_id, show_in_navbar, slug) 
    values
        (?, ?, ?, ?, ?, ?, ?) 
    returning id
Hibernate: 
    select
        p1_0.id,
        p1_0.badge,
        p1_0.best_seller,
        p1_0.brand,
        p1_0.bulk_eligible,
        p1_0.category_id,
        p1_0.created_at,
        p1_0.description,
        p1_0.featured,
        p1_0.hero_tag,
        p1_0.name,
        p1_0.new_arrival,
        p1_0.original_price,
        p1_0.price,
        p1_0.rating,
        p1_0.replacement_available,
        p1_0.review_count,
        p1_0.short_description,
        p1_0.slug,
        p1_0.warranty_available 
    from
        product p1_0
Hibernate: 
    select
        c1_0.id,
        c1_0.description,
        c1_0.icon,
        c1_0.image,
        c1_0.name,
        c1_0.parent_id,
        c1_0.show_in_navbar,
        c1_0.slug 
    from
        category c1_0 
    where
        c1_0.id=?
Hibernate: 
    select
        c1_0.id,
        c1_0.description,
        c1_0.icon,
        c1_0.image,
        c1_0.name,
        c1_0.parent_id,
        c1_0.show_in_navbar,
        c1_0.slug 
    from
        category c1_0 
    where
        c1_0.id=?
Hibernate: 
    select
        c1_0.id,
        c1_0.description,
        c1_0.icon,
        c1_0.image,
        c1_0.name,
        c1_0.parent_id,
        c1_0.show_in_navbar,
        c1_0.slug 
    from
        category c1_0 
    where
        c1_0.id=?
Hibernate: 
    select
        c1_0.id,
        c1_0.description,
        c1_0.icon,
        c1_0.image,
        c1_0.name,
        c1_0.parent_id,
        c1_0.show_in_navbar,
        c1_0.slug 
    from
        category c1_0 
    where
        c1_0.id=?
Hibernate: 
    select
        c1_0.id,
        c1_0.description,
        c1_0.icon,
        c1_0.image,
        c1_0.name,
        c1_0.parent_id,
        c1_0.show_in_navbar,
        c1_0.slug 
    from
        category c1_0 
    where
        c1_0.id=?
Hibernate: 
    select
        u1_0.id,
        u1_0.created_at,
        u1_0.email,
        u1_0.full_name,
        u1_0.password,
        u1_0.phone_number,
        u1_0.preferred_delivery_mode,
        u1_0.profile_image_url,
        u1_0.role,
        u1_0.wallet_balance 
    from
        users u1_0 
    where
        upper(u1_0.email)=upper(?) 
        or u1_0.phone_number=?
Hibernate: 
    select
        c1_0.id,
        c1_0.description,
        c1_0.icon,
        c1_0.image,
        c1_0.name,
        c1_0.parent_id,
        c1_0.show_in_navbar,
        c1_0.slug 
    from
        category c1_0 
    where
        c1_0.id=?
Hibernate: 
    select
        c1_0.id,
        c1_0.description,
        c1_0.icon,
        c1_0.image,
        c1_0.name,
        c1_0.parent_id,
        c1_0.show_in_navbar,
        c1_0.slug 
    from
        category c1_0 
    where
        upper(c1_0.name)=upper(?)
Hibernate: 
    select
        c1_0.id,
        c1_0.description,
        c1_0.icon,
        c1_0.image,
        c1_0.name,
        c1_0.parent_id,
        c1_0.show_in_navbar,
        c1_0.slug 
    from
        category c1_0 
    where
        upper(c1_0.slug)=upper(?)
Hibernate: 
    select
        p1_0.id,
        p1_0.badge,
        p1_0.best_seller,
        p1_0.brand,
        p1_0.bulk_eligible,
        p1_0.category_id,
        p1_0.created_at,
        p1_0.description,
        p1_0.featured,
        p1_0.hero_tag,
        p1_0.name,
        p1_0.new_arrival,
        p1_0.original_price,
        p1_0.price,
        p1_0.rating,
        p1_0.replacement_available,
        p1_0.review_count,
        p1_0.short_description,
        p1_0.slug,
        p1_0.warranty_available 
    from
        product p1_0
Hibernate: 
    select
        c1_0.id,
        c1_0.description,
        c1_0.icon,
        c1_0.image,
        c1_0.name,
        c1_0.parent_id,
        c1_0.show_in_navbar,
        c1_0.slug 
    from
        category c1_0 
    where
        c1_0.id=?
Hibernate: 
    select
        c1_0.id,
        c1_0.description,
        c1_0.icon,
        c1_0.image,
        c1_0.name,
        c1_0.parent_id,
        c1_0.show_in_navbar,
        c1_0.slug 
    from
        category c1_0 
    where
        c1_0.id=?
Hibernate: 
    select
        c1_0.id,
        c1_0.description,
        c1_0.icon,
        c1_0.image,
        c1_0.name,
        c1_0.parent_id,
        c1_0.show_in_navbar,
        c1_0.slug 
    from
        category c1_0 
    where
        c1_0.id=?
Hibernate: 
    select
        c1_0.id,
        c1_0.description,
        c1_0.icon,
        c1_0.image,
        c1_0.name,
        c1_0.parent_id,
        c1_0.show_in_navbar,
        c1_0.slug 
    from
        category c1_0 
    where
        c1_0.id=?
Hibernate: 
    select
        c1_0.id,
        c1_0.description,
        c1_0.icon,
        c1_0.image,
        c1_0.name,
        c1_0.parent_id,
        c1_0.show_in_navbar,
        c1_0.slug 
    from
        category c1_0 
    where
        c1_0.id=?
Hibernate: 
    select
        c1_0.parent_id,
        c1_0.id,
        c1_0.description,
        c1_0.icon,
        c1_0.image,
        c1_0.name,
        c1_0.show_in_navbar,
        c1_0.slug 
    from
        category c1_0 
    where
        c1_0.parent_id=?
Hibernate: 
    update
        category 
    set
        description=?,
        icon=?,
        image=?,
        name=?,
        parent_id=?,
        show_in_navbar=?,
        slug=? 
    where
        id=?
Hibernate: 
    select
        u1_0.id,
        u1_0.created_at,
        u1_0.email,
        u1_0.full_name,
        u1_0.password,
        u1_0.phone_number,
        u1_0.preferred_delivery_mode,
        u1_0.profile_image_url,
        u1_0.role,
        u1_0.wallet_balance 
    from
        users u1_0 
    where
        upper(u1_0.email)=upper(?) 
        or u1_0.phone_number=?
Hibernate: 
    select
        c1_0.id,
        c1_0.description,
        c1_0.icon,
        c1_0.image,
        c1_0.name,
        c1_0.parent_id,
        c1_0.show_in_navbar,
        c1_0.slug 
    from
        category c1_0 
    where
        c1_0.id=?
Hibernate: 
    insert 
    into
        product
        (badge, best_seller, brand, bulk_eligible, category_id, created_at, description, featured, hero_tag, name, new_arrival, original_price, price, rating, replacement_available, review_count, short_description, slug, warranty_available) 
    values
        (?, ?, ?, ?, ?, ?, ?, ?, ?, ?, ?, ?, ?, ?, ?, ?, ?, ?, ?) 
    returning id
Hibernate: 
    insert 
    into
        inventory
        (low_stock_threshold, product_id, stock_quantity, updated_at) 
    values
        (?, ?, ?, ?) 
    returning id
Hibernate: 
    insert 
    into
        product_images
        (product_id, image_url) 
    values
        (?, ?)
Hibernate: 
    insert 
    into
        product_tags
        (product_id, tag) 
    values
        (?, ?)
Hibernate: 
    select
        u1_0.id,
        u1_0.created_at,
        u1_0.email,
        u1_0.full_name,
        u1_0.password,
        u1_0.phone_number,
        u1_0.preferred_delivery_mode,
        u1_0.profile_image_url,
        u1_0.role,
        u1_0.wallet_balance 
    from
        users u1_0 
    where
        upper(u1_0.email)=upper(?) 
        or u1_0.phone_number=?
Hibernate: 
    select
        p1_0.id,
        p1_0.badge,
        p1_0.best_seller,
        p1_0.brand,
        p1_0.bulk_eligible,
        p1_0.category_id,
        p1_0.created_at,
        p1_0.description,
        p1_0.featured,
        p1_0.hero_tag,
        p1_0.name,
        p1_0.new_arrival,
        p1_0.original_price,
        p1_0.price,
        p1_0.rating,
        p1_0.replacement_available,
        p1_0.review_count,
        p1_0.short_description,
        p1_0.slug,
        p1_0.warranty_available 
    from
        product p1_0 
    order by
        p1_0.created_at desc
Hibernate: 
    select
        c1_0.id,
        c1_0.description,
        c1_0.icon,
        c1_0.image,
        c1_0.name,
        c1_0.parent_id,
        c1_0.show_in_navbar,
        c1_0.slug 
    from
        category c1_0 
    where
        c1_0.id=?
Hibernate: 
    select
        c1_0.id,
        c1_0.description,
        c1_0.icon,
        c1_0.image,
        c1_0.name,
        c1_0.parent_id,
        c1_0.show_in_navbar,
        c1_0.slug 
    from
        category c1_0 
    where
        c1_0.id=?
Hibernate: 
    select
        c1_0.id,
        c1_0.description,
        c1_0.icon,
        c1_0.image,
        c1_0.name,
        c1_0.parent_id,
        c1_0.show_in_navbar,
        c1_0.slug 
    from
        category c1_0 
    where
        c1_0.id=?
Hibernate: 
    select
        c1_0.id,
        c1_0.description,
        c1_0.icon,
        c1_0.image,
        c1_0.name,
        c1_0.parent_id,
        c1_0.show_in_navbar,
        c1_0.slug 
    from
        category c1_0 
    where
        c1_0.id=?
Hibernate: 
    select
        c1_0.id,
        c1_0.description,
        c1_0.icon,
        c1_0.image,
        c1_0.name,
        c1_0.parent_id,
        c1_0.show_in_navbar,
        c1_0.slug 
    from
        category c1_0 
    where
        c1_0.id=?
Hibernate: 
    select
        c1_0.id,
        c1_0.description,
        c1_0.icon,
        c1_0.image,
        c1_0.name,
        c1_0.parent_id,
        c1_0.show_in_navbar,
        c1_0.slug 
    from
        category c1_0 
    where
        c1_0.id=?
Hibernate: 
    select
        i1_0.id,
        i1_0.low_stock_threshold,
        i1_0.product_id,
        i1_0.stock_quantity,
        i1_0.updated_at 
    from
        inventory i1_0 
    where
        i1_0.product_id=?
Hibernate: 
    select
        i1_0.id,
        i1_0.low_stock_threshold,
        i1_0.product_id,
        i1_0.stock_quantity,
        i1_0.updated_at 
    from
        inventory i1_0 
    where
        i1_0.product_id=?
Hibernate: 
    select
        i1_0.id,
        i1_0.low_stock_threshold,
        i1_0.product_id,
        i1_0.stock_quantity,
        i1_0.updated_at 
    from
        inventory i1_0 
    where
        i1_0.product_id=?
Hibernate: 
    select
        i1_0.id,
        i1_0.low_stock_threshold,
        i1_0.product_id,
        i1_0.stock_quantity,
        i1_0.updated_at 
    from
        inventory i1_0 
    where
        i1_0.product_id=?
Hibernate: 
    select
        i1_0.id,
        i1_0.low_stock_threshold,
        i1_0.product_id,
        i1_0.stock_quantity,
        i1_0.updated_at 
    from
        inventory i1_0 
    where
        i1_0.product_id=?
Hibernate: 
    select
        i1_0.id,
        i1_0.low_stock_threshold,
        i1_0.product_id,
        i1_0.stock_quantity,
        i1_0.updated_at 
    from
        inventory i1_0 
    where
        i1_0.product_id=?
Hibernate: 
    select
        i1_0.id,
        i1_0.low_stock_threshold,
        i1_0.product_id,
        i1_0.stock_quantity,
        i1_0.updated_at 
    from
        inventory i1_0 
    where
        i1_0.product_id=?
Hibernate: 
    select
        iu1_0.product_id,
        iu1_0.image_url 
    from
        product_images iu1_0 
    where
        iu1_0.product_id=?
Hibernate: 
    select
        t1_0.product_id,
        t1_0.tag 
    from
        product_tags t1_0 
    where
        t1_0.product_id=?
Hibernate: 
    select
        iu1_0.product_id,
        iu1_0.image_url 
    from
        product_images iu1_0 
    where
        iu1_0.product_id=?
Hibernate: 
    select
        t1_0.product_id,
        t1_0.tag 
    from
        product_tags t1_0 
    where
        t1_0.product_id=?
Hibernate: 
    select
        iu1_0.product_id,
        iu1_0.image_url 
    from
        product_images iu1_0 
    where
        iu1_0.product_id=?
Hibernate: 
    select
        t1_0.product_id,
        t1_0.tag 
    from
        product_tags t1_0 
    where
        t1_0.product_id=?
Hibernate: 
    select
        iu1_0.product_id,
        iu1_0.image_url 
    from
        product_images iu1_0 
    where
        iu1_0.product_id=?
Hibernate: 
    select
        t1_0.product_id,
        t1_0.tag 
    from
        product_tags t1_0 
    where
        t1_0.product_id=?
Hibernate: 
    select
        iu1_0.product_id,
        iu1_0.image_url 
    from
        product_images iu1_0 
    where
        iu1_0.product_id=?
Hibernate: 
    select
        t1_0.product_id,
        t1_0.tag 
    from
        product_tags t1_0 
    where
        t1_0.product_id=?
Hibernate: 
    select
        iu1_0.product_id,
        iu1_0.image_url 
    from
        product_images iu1_0 
    where
        iu1_0.product_id=?
Hibernate: 
    select
        t1_0.product_id,
        t1_0.tag 
    from
        product_tags t1_0 
    where
        t1_0.product_id=?
Hibernate: 
    select
        iu1_0.product_id,
        iu1_0.image_url 
    from
        product_images iu1_0 
    where
        iu1_0.product_id=?
Hibernate: 
    select
        t1_0.product_id,
        t1_0.tag 
    from
        product_tags t1_0 
    where
        t1_0.product_id=?
Hibernate: 
    select
        u1_0.id,
        u1_0.created_at,
        u1_0.email,
        u1_0.full_name,
        u1_0.password,
        u1_0.phone_number,
        u1_0.preferred_delivery_mode,
        u1_0.profile_image_url,
        u1_0.role,
        u1_0.wallet_balance 
    from
        users u1_0 
    where
        upper(u1_0.email)=upper(?) 
        or u1_0.phone_number=?
Hibernate: 
    select
        wc1_0.id 
    from
        wallet_coupon wc1_0 
    where
        upper(wc1_0.code)=upper(?) 
    fetch
        first ? rows only
Hibernate: 
    insert 
    into
        wallet_coupon
        (active, amount, assigned_customer_emails, code, created_at, deleted, description, discount_percentage, redemption_frequency, reward_delay_minutes, type, updated_at) 
    values
        (?, ?, ?, ?, ?, ?, ?, ?, ?, ?, ?, ?) 
    returning id
Hibernate: 
    select
        u1_0.id,
        u1_0.created_at,
        u1_0.email,
        u1_0.full_name,
        u1_0.password,
        u1_0.phone_number,
        u1_0.preferred_delivery_mode,
        u1_0.profile_image_url,
        u1_0.role,
        u1_0.wallet_balance 
    from
        users u1_0 
    where
        upper(u1_0.email)=upper(?) 
        or u1_0.phone_number=?
Hibernate: 
    select
        wc1_0.id,
        wc1_0.active,
        wc1_0.amount,
        wc1_0.assigned_customer_emails,
        wc1_0.code,
        wc1_0.created_at,
        wc1_0.deleted,
        wc1_0.description,
        wc1_0.discount_percentage,
        wc1_0.redemption_frequency,
        wc1_0.reward_delay_minutes,
        wc1_0.type,
        wc1_0.updated_at 
    from
        wallet_coupon wc1_0 
    where
        wc1_0.id=?
Hibernate: 
    select
        wc1_0.id,
        wc1_0.active,
        wc1_0.amount,
        wc1_0.assigned_customer_emails,
        wc1_0.code,
        wc1_0.created_at,
        wc1_0.deleted,
        wc1_0.description,
        wc1_0.discount_percentage,
        wc1_0.redemption_frequency,
        wc1_0.reward_delay_minutes,
        wc1_0.type,
        wc1_0.updated_at 
    from
        wallet_coupon wc1_0 
    where
        upper(wc1_0.code)=upper(?)
Hibernate: 
    update
        wallet_coupon 
    set
        active=?,
        amount=?,
        assigned_customer_emails=?,
        code=?,
        created_at=?,
        deleted=?,
        description=?,
        discount_percentage=?,
        redemption_frequency=?,
        reward_delay_minutes=?,
        type=?,
        updated_at=? 
    where
        id=?
Hibernate: 
    select
        u1_0.id,
        u1_0.created_at,
        u1_0.email,
        u1_0.full_name,
        u1_0.password,
        u1_0.phone_number,
        u1_0.preferred_delivery_mode,
        u1_0.profile_image_url,
        u1_0.role,
        u1_0.wallet_balance 
    from
        users u1_0 
    where
        upper(u1_0.email)=upper(?) 
        or u1_0.phone_number=?
Hibernate: 
    insert 
    into
        banner
        (image_url) 
    values
        (?) 
    returning id
Hibernate: 
    select
        u1_0.id,
        u1_0.created_at,
        u1_0.email,
        u1_0.full_name,
        u1_0.password,
        u1_0.phone_number,
        u1_0.preferred_delivery_mode,
        u1_0.profile_image_url,
        u1_0.role,
        u1_0.wallet_balance 
    from
        users u1_0 
    where
        upper(u1_0.email)=upper(?) 
        or u1_0.phone_number=?
Hibernate: 
    select
        sp1_0.id,
        sp1_0.active,
        sp1_0.created_at,
        sp1_0.label,
        sp1_0.pincode,
        sp1_0.updated_at 
    from
        serviceable_pincode sp1_0 
    where
        sp1_0.pincode=?
Hibernate: 
    insert 
    into
        serviceable_pincode
        (active, created_at, label, pincode, updated_at) 
    values
        (?, ?, ?, ?, ?) 
    returning id
Hibernate: 
    select
        u1_0.id,
        u1_0.created_at,
        u1_0.email,
        u1_0.full_name,
        u1_0.password,
        u1_0.phone_number,
        u1_0.preferred_delivery_mode,
        u1_0.profile_image_url,
        u1_0.role,
        u1_0.wallet_balance 
    from
        users u1_0 
    where
        upper(u1_0.email)=upper(?) 
        or u1_0.phone_number=?
Hibernate: 
    select
        sp1_0.id,
        sp1_0.active,
        sp1_0.created_at,
        sp1_0.label,
        sp1_0.pincode,
        sp1_0.updated_at 
    from
        serviceable_pincode sp1_0 
    where
        sp1_0.id=?
Hibernate: 
    select
        sp1_0.id,
        sp1_0.active,
        sp1_0.created_at,
        sp1_0.label,
        sp1_0.pincode,
        sp1_0.updated_at 
    from
        serviceable_pincode sp1_0 
    where
        sp1_0.pincode=?
Hibernate: 
    update
        serviceable_pincode 
    set
        active=?,
        created_at=?,
        label=?,
        pincode=?,
        updated_at=? 
    where
        id=?
Hibernate: 
    select
        u1_0.id,
        u1_0.created_at,
        u1_0.email,
        u1_0.full_name,
        u1_0.password,
        u1_0.phone_number,
        u1_0.preferred_delivery_mode,
        u1_0.profile_image_url,
        u1_0.role,
        u1_0.wallet_balance 
    from
        users u1_0 
    where
        upper(u1_0.email)=upper(?) 
        or u1_0.phone_number=?
Hibernate: 
    select
        p1_0.id,
        p1_0.badge,
        p1_0.best_seller,
        p1_0.brand,
        p1_0.bulk_eligible,
        p1_0.category_id,
        c1_0.id,
        c1_0.description,
        c1_0.icon,
        c1_0.image,
        c1_0.name,
        c1_0.parent_id,
        c1_0.show_in_navbar,
        c1_0.slug,
        p1_0.created_at,
        p1_0.description,
        p1_0.featured,
        p1_0.hero_tag,
        p1_0.name,
        p1_0.new_arrival,
        p1_0.original_price,
        p1_0.price,
        p1_0.rating,
        p1_0.replacement_available,
        p1_0.review_count,
        p1_0.short_description,
        p1_0.slug,
        p1_0.warranty_available 
    from
        product p1_0 
    join
        category c1_0 
            on c1_0.id=p1_0.category_id 
    where
        p1_0.id=?
Hibernate: 
    select
        ci1_0.id,
        ci1_0.cart_id,
        ci1_0.product_id,
        ci1_0.quantity 
    from
        cart_item ci1_0 
    where
        ci1_0.product_id in (?)
Hibernate: 
    select
        oi1_0.id,
        oi1_0.order_id,
        oi1_0.product_id,
        oi1_0.quantity,
        oi1_0.unit_price 
    from
        order_item oi1_0 
    where
        oi1_0.product_id in (?)
Hibernate: 
    select
        wi1_0.id,
        wi1_0.created_at,
        wi1_0.product_id,
        wi1_0.wishlist_id 
    from
        wishlist_item wi1_0 
    where
        wi1_0.product_id in (?)
Hibernate: 
    select
        i1_0.id,
        i1_0.low_stock_threshold,
        i1_0.product_id,
        i1_0.stock_quantity,
        i1_0.updated_at 
    from
        inventory i1_0 
    where
        i1_0.product_id in (?)
Hibernate: 
    delete 
    from
        product_images 
    where
        product_id=?
Hibernate: 
    delete 
    from
        product_tags 
    where
        product_id=?
Hibernate: 
    delete 
    from
        inventory 
    where
        id=?
Hibernate: 
    delete 
    from
        product 
    where
        id=?
Hibernate: 
    select
        u1_0.id,
        u1_0.created_at,
        u1_0.email,
        u1_0.full_name,
        u1_0.password,
        u1_0.phone_number,
        u1_0.preferred_delivery_mode,
        u1_0.profile_image_url,
        u1_0.role,
        u1_0.wallet_balance 
    from
        users u1_0 
    where
        upper(u1_0.email)=upper(?) 
        or u1_0.phone_number=?
Hibernate: 
    select
        wc1_0.id,
        wc1_0.active,
        wc1_0.amount,
        wc1_0.assigned_customer_emails,
        wc1_0.code,
        wc1_0.created_at,
        wc1_0.deleted,
        wc1_0.description,
        wc1_0.discount_percentage,
        wc1_0.redemption_frequency,
        wc1_0.reward_delay_minutes,
        wc1_0.type,
        wc1_0.updated_at 
    from
        wallet_coupon wc1_0 
    where
        wc1_0.id=?
Hibernate: 
    delete 
    from
        wallet_coupon 
    where
        id=?
Hibernate: 
    select
        u1_0.id,
        u1_0.created_at,
        u1_0.email,
        u1_0.full_name,
        u1_0.password,
        u1_0.phone_number,
        u1_0.preferred_delivery_mode,
        u1_0.profile_image_url,
        u1_0.role,
        u1_0.wallet_balance 
    from
        users u1_0 
    where
        upper(u1_0.email)=upper(?) 
        or u1_0.phone_number=?
Hibernate: 
    select
        b1_0.id,
        b1_0.image_url 
    from
        banner b1_0 
    where
        b1_0.id=?
Hibernate: 
    delete 
    from
        banner 
    where
        id=?
Hibernate: 
    select
        u1_0.id,
        u1_0.created_at,
        u1_0.email,
        u1_0.full_name,
        u1_0.password,
        u1_0.phone_number,
        u1_0.preferred_delivery_mode,
        u1_0.profile_image_url,
        u1_0.role,
        u1_0.wallet_balance 
    from
        users u1_0 
    where
        upper(u1_0.email)=upper(?) 
        or u1_0.phone_number=?
Hibernate: 
    select
        sp1_0.id,
        sp1_0.active,
        sp1_0.created_at,
        sp1_0.label,
        sp1_0.pincode,
        sp1_0.updated_at 
    from
        serviceable_pincode sp1_0 
    where
        sp1_0.id=?
Hibernate: 
    delete 
    from
        serviceable_pincode 
    where
        id=?
Hibernate: 
    select
        u1_0.id,
        u1_0.created_at,
        u1_0.email,
        u1_0.full_name,
        u1_0.password,
        u1_0.phone_number,
        u1_0.preferred_delivery_mode,
        u1_0.profile_image_url,
        u1_0.role,
        u1_0.wallet_balance 
    from
        users u1_0 
    where
        upper(u1_0.email)=upper(?) 
        or u1_0.phone_number=?
Hibernate: 
    select
        c1_0.id,
        c1_0.description,
        c1_0.icon,
        c1_0.image,
        c1_0.name,
        c1_0.parent_id,
        c1_0.show_in_navbar,
        c1_0.slug 
    from
        category c1_0 
    where
        c1_0.id=?
Hibernate: 
    select
        c1_0.parent_id,
        c1_0.id,
        c1_0.description,
        c1_0.icon,
        c1_0.image,
        c1_0.name,
        c1_0.show_in_navbar,
        c1_0.slug 
    from
        category c1_0 
    where
        c1_0.parent_id=?
Hibernate: 
    select
        p1_0.id,
        p1_0.badge,
        p1_0.best_seller,
        p1_0.brand,
        p1_0.bulk_eligible,
        p1_0.category_id,
        p1_0.created_at,
        p1_0.description,
        p1_0.featured,
        p1_0.hero_tag,
        p1_0.name,
        p1_0.new_arrival,
        p1_0.original_price,
        p1_0.price,
        p1_0.rating,
        p1_0.replacement_available,
        p1_0.review_count,
        p1_0.short_description,
        p1_0.slug,
        p1_0.warranty_available 
    from
        product p1_0
Hibernate: 
    select
        c1_0.id,
        c1_0.description,
        c1_0.icon,
        c1_0.image,
        c1_0.name,
        c1_0.parent_id,
        c1_0.show_in_navbar,
        c1_0.slug 
    from
        category c1_0 
    where
        c1_0.id=?
Hibernate: 
    select
        c1_0.id,
        c1_0.description,
        c1_0.icon,
        c1_0.image,
        c1_0.name,
        c1_0.parent_id,
        c1_0.show_in_navbar,
        c1_0.slug 
    from
        category c1_0 
    where
        c1_0.id=?
Hibernate: 
    select
        c1_0.id,
        c1_0.description,
        c1_0.icon,
        c1_0.image,
        c1_0.name,
        c1_0.parent_id,
        c1_0.show_in_navbar,
        c1_0.slug 
    from
        category c1_0 
    where
        c1_0.id=?
Hibernate: 
    select
        c1_0.id,
        c1_0.description,
        c1_0.icon,
        c1_0.image,
        c1_0.name,
        c1_0.parent_id,
        c1_0.show_in_navbar,
        c1_0.slug 
    from
        category c1_0 
    where
        c1_0.id=?
Hibernate: 
    select
        c1_0.id,
        c1_0.description,
        c1_0.icon,
        c1_0.image,
        c1_0.name,
        c1_0.parent_id,
        c1_0.show_in_navbar,
        c1_0.slug 
    from
        category c1_0 
    where
        c1_0.id=?
Hibernate: 
    delete 
    from
        category 
    where
        id=?
[INFO] ------------------------------------------------------------------------
[INFO] BUILD FAILURE
[INFO] ------------------------------------------------------------------------
[INFO] Total time:  03:43 min
[INFO] Finished at: 2026-06-02T14:57:25+05:30
[INFO] ------------------------------------------------------------------------
[ERROR] Failed to execute goal org.springframework.boot:spring-boot-maven-plugin:3.3.0:run (default-cli) on project backend: Process terminated with exit code: 1 -> [Help 1]
[ERROR] 
[ERROR] To see the full stack trace of the errors, re-run Maven with the -e switch.
[ERROR] Re-run Maven using the -X switch to enable full debug logging.
[ERROR] 
[ERROR] For more information about the errors and possible solutions, please read the following articles:
[ERROR] [Help 1] http://cwiki.apache.org/confluence/display/MAVEN/MojoExecutionException
